<?xml version="1.0" encoding="UTF-8"?>
<!-- Generated by org.testng.reporters.JUnitReportReporter -->
<testsuite skipped="0" hostname="SMARTERP-16" name="appModules.SetEnvironment" tests="1" failures="0" timestamp="28 Dec 2017 10:32:36 GMT" time="12.856" errors="0">
  <testcase name="Execute" time="12.856" classname="appModules.SetEnvironment"/>
</testsuite> <!-- appModules.SetEnvironment -->
